01/01/22 (13:11:27) | INFO: Loglevel set to INFO
01/01/22 (13:12:58) | INFO: Loglevel set to DEBUG
01/01/22 (13:12:59) | INFO: Loglevel set to INFO
01/01/22 (13:17:09) | INFO: Exiting. Runtime 0:10:04 

01/01/22 (13:17:13) | INFO: New instance of bpytop version 1.0.68 started with pid 3861
01/01/22 (13:17:13) | INFO: Loglevel set to INFO
01/01/22 (13:55:51) | INFO: Exiting. Runtime 0:38:38 

01/01/22 (13:56:09) | INFO: New instance of bpytop version 1.0.68 started with pid 4703
01/01/22 (13:56:09) | INFO: Loglevel set to INFO
01/01/22 (13:56:35) | INFO: Exiting. Runtime 0:00:26 

01/01/22 (14:01:25) | INFO: New instance of bpytop version 1.0.68 started with pid 4913
01/01/22 (14:01:25) | INFO: Loglevel set to INFO
01/01/22 (14:01:25) | WARNING: No theme named "evesnight" found!
01/01/22 (14:01:28) | INFO: Exiting. Runtime 0:00:04 

01/01/22 (14:01:53) | INFO: New instance of bpytop version 1.0.68 started with pid 4931
01/01/22 (14:01:53) | INFO: Loglevel set to INFO
01/01/22 (14:02:32) | INFO: Exiting. Runtime 0:00:39 

01/01/22 (14:04:03) | INFO: New instance of bpytop version 1.0.68 started with pid 5108
01/01/22 (14:04:03) | INFO: Loglevel set to INFO
01/01/22 (14:04:14) | INFO: Exiting. Runtime 0:00:11 

01/01/22 (14:05:23) | INFO: New instance of bpytop version 1.0.68 started with pid 5141
01/01/22 (14:05:23) | INFO: Loglevel set to INFO
01/01/22 (14:05:41) | INFO: Exiting. Runtime 0:00:18 

01/01/22 (14:06:03) | INFO: New instance of bpytop version 1.0.68 started with pid 5159
01/01/22 (14:06:03) | INFO: Loglevel set to INFO
01/01/22 (14:06:40) | INFO: Exiting. Runtime 0:00:37 

01/01/22 (14:08:27) | INFO: New instance of bpytop version 1.0.68 started with pid 5336
01/01/22 (14:08:27) | INFO: Loglevel set to INFO
01/01/22 (14:09:58) | INFO: Exiting. Runtime 0:01:30 

01/01/22 (14:37:12) | INFO: New instance of bpytop version 1.0.68 started with pid 6392
01/01/22 (14:37:12) | INFO: Loglevel set to INFO
01/01/22 (14:37:27) | INFO: Exiting. Runtime 0:00:15 

01/01/22 (15:10:26) | INFO: New instance of bpytop version 1.0.68 started with pid 7532
01/01/22 (15:10:26) | INFO: Loglevel set to INFO
01/01/22 (15:11:09) | INFO: Exiting. Runtime 0:00:43 

01/01/22 (20:03:20) | INFO: New instance of bpytop version 1.0.68 started with pid 16394
01/01/22 (20:03:20) | INFO: Loglevel set to INFO
01/01/22 (20:03:40) | INFO: Exiting. Runtime 0:00:20 

01/01/22 (23:46:01) | INFO: New instance of bpytop version 1.0.68 started with pid 18193
01/01/22 (23:46:01) | INFO: Loglevel set to INFO
01/01/22 (23:46:24) | INFO: Exiting. Runtime 0:00:22 

01/01/22 (23:46:56) | INFO: New instance of bpytop version 1.0.68 started with pid 18235
01/01/22 (23:46:56) | INFO: Loglevel set to INFO
01/01/22 (23:47:07) | INFO: Exiting. Runtime 0:00:11 

02/01/22 (10:51:46) | INFO: New instance of bpytop version 1.0.68 started with pid 3046
02/01/22 (10:51:46) | INFO: Loglevel set to INFO
02/01/22 (10:52:25) | INFO: Exiting. Runtime 0:00:39 

02/01/22 (14:23:57) | INFO: New instance of bpytop version 1.0.68 started with pid 7822
02/01/22 (14:23:57) | INFO: Loglevel set to INFO
02/01/22 (14:24:13) | INFO: Exiting. Runtime 0:00:16 

02/01/22 (14:30:03) | INFO: New instance of bpytop version 1.0.68 started with pid 8120
02/01/22 (14:30:03) | INFO: Loglevel set to INFO
02/01/22 (15:13:13) | INFO: Exiting. Runtime 0:43:10 

03/01/22 (09:52:01) | INFO: New instance of bpytop version 1.0.68 started with pid 837
03/01/22 (09:52:01) | INFO: Loglevel set to INFO
03/01/22 (09:52:09) | INFO: Exiting. Runtime 0:00:08 

03/01/22 (14:23:26) | INFO: New instance of bpytop version 1.0.68 started with pid 25462
03/01/22 (14:23:26) | INFO: Loglevel set to INFO
03/01/22 (14:24:03) | INFO: Exiting. Runtime 0:00:38 

03/01/22 (14:31:08) | INFO: New instance of bpytop version 1.0.68 started with pid 31961
03/01/22 (14:31:08) | INFO: Loglevel set to INFO
03/01/22 (14:54:19) | INFO: Exiting. Runtime 0:23:11 

03/01/22 (15:15:10) | INFO: New instance of bpytop version 1.0.68 started with pid 35933
03/01/22 (15:15:10) | INFO: Loglevel set to INFO
03/01/22 (15:17:42) | INFO: Exiting. Runtime 0:02:32 

03/01/22 (18:49:52) | INFO: New instance of bpytop version 1.0.68 started with pid 39670
03/01/22 (18:49:52) | INFO: Loglevel set to INFO
03/01/22 (18:49:55) | INFO: Exiting. Runtime 0:00:03 

06/01/22 (00:00:37) | INFO: New instance of bpytop version 1.0.68 started with pid 40975
06/01/22 (00:00:37) | INFO: Loglevel set to INFO
06/01/22 (00:00:44) | INFO: Exiting. Runtime 0:00:08 

